<?xml version="1.0" encoding="UTF-8"?>
<testsuite xmlns:xsi="http://www.w3.org/2001/XMLSchema-instance" xsi:noNamespaceSchemaLocation="https://maven.apache.org/surefire/maven-surefire-plugin/xsd/surefire-test-report.xsd" version="3.0.2" name="CucumberTest" time="1.467" tests="1" errors="1" skipped="0" failures="0">
  <properties>
[...]
</properties>
  <testcase name="Cucumber" classname="CucumberTest" time="1.457">
    <error message="A method annotated with BeforeAll or AfterAll must have one of these signatures:&#10; * public static void before_or_after_all()&#10;at BookstoreSteps.setup()&#10;&#10;" type="io.cucumber.java.InvalidMethodSignatureException"><![CDATA[io.cucumber.java.InvalidMethodSignatureException: 
A method annotated with BeforeAll or AfterAll must have one of these signatures:
 * public static void before_or_after_all()
at BookstoreSteps.setup()


	at io.cucumber.java.InvalidMethodSignatureException$InvalidMethodSignatureExceptionBuilder.build(InvalidMethodSignatureException.java:52)
	at io.cucumber.java.JavaStaticHookDefinition.createInvalidSignatureException(JavaStaticHookDefinition.java:44)
	at io.cucumber.java.JavaStaticHookDefinition.requireValidMethod(JavaStaticHookDefinition.java:28)
	at io.cucumber.java.JavaStaticHookDefinition.<init>(JavaStaticHookDefinition.java:17)
	at io.cucumber.java.GlueAdaptor.addDefinition(GlueAdaptor.java:35)
	at io.cucumber.java.JavaBackend.lambda$loadGlue$1(JavaBackend.java:43)
	at io.cucumber.java.MethodScanner.scan(MethodScanner.java:78)
	at io.cucumber.java.MethodScanner.scan(MethodScanner.java:69)
	at io.cucumber.java.MethodScanner.scan(MethodScanner.java:33)
	at io.cucumber.java.JavaBackend.lambda$loadGlue$2(JavaBackend.java:41)
	at java.base/java.util.stream.ForEachOps$ForEachOp$OfRef.accept(ForEachOps.java:183)
	at java.base/java.util.stream.DistinctOps$1$2.accept(DistinctOps.java:174)
	at java.base/java.util.ArrayList$ArrayListSpliterator.forEachRemaining(ArrayList.java:1625)
	at java.base/java.util.stream.ReferencePipeline$Head.forEach(ReferencePipeline.java:762)
	at java.base/java.util.stream.ReferencePipeline$7$1.accept(ReferencePipeline.java:276)
	at java.base/java.util.stream.ReferencePipeline$3$1.accept(ReferencePipeline.java:197)
	at java.base/java.util.stream.ReferencePipeline$3$1.accept(ReferencePipeline.java:197)
	at java.base/java.util.stream.ReferencePipeline$2$1.accept(ReferencePipeline.java:179)
	at java.base/java.util.ArrayList$ArrayListSpliterator.forEachRemaining(ArrayList.java:1625)
	at java.base/java.util.stream.AbstractPipeline.copyInto(AbstractPipeline.java:509)
	at java.base/java.util.stream.AbstractPipeline.wrapAndCopyInto(AbstractPipeline.java:499)
	at java.base/java.util.stream.ForEachOps$ForEachOp.evaluateSequential(ForEachOps.java:150)
	at java.base/java.util.stream.ForEachOps$ForEachOp$OfRef.evaluateSequential(ForEachOps.java:173)
	at java.base/java.util.stream.AbstractPipeline.evaluate(AbstractPipeline.java:234)
	at java.base/java.util.stream.ReferencePipeline.forEach(ReferencePipeline.java:596)
	at io.cucumber.java.JavaBackend.loadGlue(JavaBackend.java:41)
	at io.cucumber.core.runner.Runner.<init>(Runner.java:56)
	at io.cucumber.core.runtime.SingletonRunnerSupplier.createRunner(SingletonRunnerSupplier.java:44)
	at io.cucumber.core.runtime.SingletonRunnerSupplier.get(SingletonRunnerSupplier.java:35)
	at io.cucumber.core.runtime.RethrowingThrowableCollector.executeAndThrow(RethrowingThrowableCollector.java:35)
	at io.cucumber.core.runtime.CucumberExecutionContext.getRunner(CucumberExecutionContext.java:140)
	at io.cucumber.core.runtime.CucumberExecutionContext.runBeforeAllHooks(CucumberExecutionContext.java:92)
	at io.cucumber.junit.platform.engine.CucumberEngineExecutionContext.runBeforeAllHooks(CucumberEngineExecutionContext.java:103)
	at io.cucumber.junit.platform.engine.CucumberEngineDescriptor.ifChildren(CucumberEngineDescriptor.java:63)
	at io.cucumber.junit.platform.engine.CucumberEngineDescriptor.before(CucumberEngineDescriptor.java:38)
	at io.cucumber.junit.platform.engine.CucumberEngineDescriptor.before(CucumberEngineDescriptor.java:12)
	Suppressed: io.cucumber.java.InvalidMethodSignatureException: A method annotated with BeforeAll or AfterAll must have one of these signatures:
 * public static void before_or_after_all()
at BookstoreSteps.setup()


		at io.cucumber.java.InvalidMethodSignatureException$InvalidMethodSignatureExceptionBuilder.build(InvalidMethodSignatureException.java:52)
		at io.cucumber.java.JavaStaticHookDefinition.createInvalidSignatureException(JavaStaticHookDefinition.java:44)
		at io.cucumber.java.JavaStaticHookDefinition.requireValidMethod(JavaStaticHookDefinition.java:28)
		at io.cucumber.java.JavaStaticHookDefinition.<init>(JavaStaticHookDefinition.java:17)
		at io.cucumber.java.GlueAdaptor.addDefinition(GlueAdaptor.java:35)
		at io.cucumber.java.JavaBackend.lambda$loadGlue$1(JavaBackend.java:43)
		at io.cucumber.java.MethodScanner.scan(MethodScanner.java:78)
		at io.cucumber.java.MethodScanner.scan(MethodScanner.java:69)
		at io.cucumber.java.MethodScanner.scan(MethodScanner.java:33)
		at io.cucumber.java.JavaBackend.lambda$loadGlue$2(JavaBackend.java:41)
		at java.base/java.util.stream.ForEachOps$ForEachOp$OfRef.accept(ForEachOps.java:183)
		at java.base/java.util.stream.DistinctOps$1$2.accept(DistinctOps.java:174)
		at java.base/java.util.ArrayList$ArrayListSpliterator.forEachRemaining(ArrayList.java:1625)
		at java.base/java.util.stream.ReferencePipeline$Head.forEach(ReferencePipeline.java:762)
		at java.base/java.util.stream.ReferencePipeline$7$1.accept(ReferencePipeline.java:276)
		at java.base/java.util.stream.ReferencePipeline$3$1.accept(ReferencePipeline.java:197)
		at java.base/java.util.stream.ReferencePipeline$3$1.accept(ReferencePipeline.java:197)
		at java.base/java.util.stream.ReferencePipeline$2$1.accept(ReferencePipeline.java:179)
		at java.base/java.util.ArrayList$ArrayListSpliterator.forEachRemaining(ArrayList.java:1625)
		at java.base/java.util.stream.AbstractPipeline.copyInto(AbstractPipeline.java:509)
		at java.base/java.util.stream.AbstractPipeline.wrapAndCopyInto(AbstractPipeline.java:499)
		at java.base/java.util.stream.ForEachOps$ForEachOp.evaluateSequential(ForEachOps.java:150)
		at java.base/java.util.stream.ForEachOps$ForEachOp$OfRef.evaluateSequential(ForEachOps.java:173)
		at java.base/java.util.stream.AbstractPipeline.evaluate(AbstractPipeline.java:234)
		at java.base/java.util.stream.ReferencePipeline.forEach(ReferencePipeline.java:596)
		at io.cucumber.java.JavaBackend.loadGlue(JavaBackend.java:41)
		at io.cucumber.core.runner.Runner.<init>(Runner.java:56)
		at io.cucumber.core.runtime.SingletonRunnerSupplier.createRunner(SingletonRunnerSupplier.java:44)
		at io.cucumber.core.runtime.SingletonRunnerSupplier.get(SingletonRunnerSupplier.java:35)
		at io.cucumber.core.runtime.RethrowingThrowableCollector.executeAndThrow(RethrowingThrowableCollector.java:35)
		at io.cucumber.core.runtime.CucumberExecutionContext.getRunner(CucumberExecutionContext.java:140)
		at io.cucumber.core.runtime.CucumberExecutionContext.runAfterAllHooks(CucumberExecutionContext.java:97)
		at io.cucumber.junit.platform.engine.CucumberEngineExecutionContext.runAfterAllHooks(CucumberEngineExecutionContext.java:123)
		at io.cucumber.junit.platform.engine.CucumberEngineDescriptor.ifChildren(CucumberEngineDescriptor.java:63)
		at io.cucumber.junit.platform.engine.CucumberEngineDescriptor.after(CucumberEngineDescriptor.java:43)
		at io.cucumber.junit.platform.engine.CucumberEngineDescriptor.after(CucumberEngineDescriptor.java:12)
]]></error>
  </testcase>
</testsuite>