<?xml version="1.0" encoding="UTF-8"?>
<testsuite xmlns:xsi="http://www.w3.org/2001/XMLSchema-instance" xsi:noNamespaceSchemaLocation="https://maven.apache.org/surefire/maven-surefire-plugin/xsd/surefire-test-report-3.0.xsd" version="3.0" name="CucumberTest" time="0.309" tests="8" errors="0" skipped="0" failures="0">
  <properties>
[...]
</properties>
  <testcase name="Adding two numbers together" classname="Simple Arithmetic" time="0.096"/>
  <testcase name="Subtracting one number from another" classname="Simple Arithmetic" time="0.007"/>
  <testcase name="Example #1.1" classname="Examples" time="0.008"/>
  <testcase name="Example #1.1" classname="Examples" time="0.007"/>
  <testcase name="Example #1.1" classname="Examples" time="0.008"/>
  <testcase name="Example #1.2" classname="Examples" time="0.006"/>
  <testcase name="Example #1.2" classname="Examples" time="0.005"/>
  <testcase name="Example #1.2" classname="Examples" time="0.007"/>
</testsuite>